<?xml version="1.0" encoding="UTF-8"?>
<!-- Generated by org.testng.reporters.JUnitXMLReporter -->
<testsuite hostname="AKLWX28662" ignored="0" name="Command line test" tests="2" failures="2" timestamp="27 Aug 2020 21:34:53 GMT" time="31.773" errors="0">
  <testcase name="runScenario" time="27.442" classname="io.cucumber.testng.AbstractTestNGCucumberTests">
    <failure type="java.lang.AssertionError" message="expected [true] but found [false]">
      <![CDATA[java.lang.AssertionError: expected [true] but found [false]
at NKuhutan.TSB.TestNG.WebTest.checkKeyDetails(WebTest.java:117)
at NKuhutan.TSB.StepDefs.Steps.checkKeyDetails(Steps.java:67)
at ✽.Query any existing Used Car listing and confirm that the following details are shown for that car(file:///C:/Users/NKuhutan/Documents/git_TSB/src/test/resources/features/Exam.feature:10)
... Removed 4 stack frames]]>
    </failure>
  </testcase> <!-- runScenario -->
  <testcase name="runScenario" time="0.643" classname="io.cucumber.testng.AbstractTestNGCucumberTests">
    <failure type="java.lang.AssertionError" message="expected [true] but found [false]">
      <![CDATA[java.lang.AssertionError: expected [true] but found [false]
at NKuhutan.TSB.TestNG.APITest.verifyKeyDetails(APITest.java:57)
at NKuhutan.TSB.StepDefs.Steps.apiCheckKeyDetails(Steps.java:90)
at ✽.Query the API car details of an specific searched car(file:///C:/Users/NKuhutan/Documents/git_TSB/src/test/resources/features/Exam.feature:27)
... Removed 4 stack frames]]>
    </failure>
  </testcase> <!-- runScenario -->
</testsuite> <!-- Command line test -->
