<?xml version="1.0" encoding="UTF-8" ?>
<testsuite tests="2" failures="2" name="TestSuite" time="28.084" errors="0" skipped="0">
  <properties>
[...]
</properties>
  <testcase classname="NKuhutan.TSB.Runners.RunnerTest" name="runScenario" time="27.445">
    <failure message="expected [true] but found [false]" type="java.lang.AssertionError">java.lang.AssertionError: expected [true] but found [false]
	at org.testng.Assert.fail(Assert.java:96)
	at org.testng.Assert.failNotEquals(Assert.java:776)
	at org.testng.Assert.assertTrue(Assert.java:44)
	at org.testng.Assert.assertTrue(Assert.java:54)
	at NKuhutan.TSB.TestNG.WebTest.checkKeyDetails(WebTest.java:117)
	at NKuhutan.TSB.StepDefs.Steps.checkKeyDetails(Steps.java:67)
	at ✽.Query any existing Used Car listing and confirm that the following details are shown for that car(file:///C:/Users/NKuhutan/Documents/git_TSB/src/test/resources/features/Exam.feature:10)
</failure>
    <system-out>Configuring TestNG with: org.apache.maven.surefire.testng.conf.TestNG652Configurator@3caeaf62
</system-out>
    <system-err>Starting ChromeDriver 84.0.4147.30 (48b3e868b4cc0aa7e8149519690b6f6949e110a8-refs/branch-heads/4147@{#310}) on port 48539
Only local connections are allowed.
Please see https://chromedriver.chromium.org/security-considerations for suggestions on keeping ChromeDriver safe.
ChromeDriver was started successfully.
[1598564063.870][WARNING]: This version of ChromeDriver has not been tested with Chrome version 85.
Aug 28, 2020 9:34:24 AM org.openqa.selenium.remote.ProtocolHandshake createSession
INFO: Detected dialect: W3C
</system-err>
  </testcase>
  <testcase classname="NKuhutan.TSB.Runners.RunnerTest" name="runScenario" time="0.639">
    <failure message="expected [true] but found [false]" type="java.lang.AssertionError">java.lang.AssertionError: expected [true] but found [false]
	at org.testng.Assert.fail(Assert.java:96)
	at org.testng.Assert.failNotEquals(Assert.java:776)
	at org.testng.Assert.assertTrue(Assert.java:44)
	at org.testng.Assert.assertTrue(Assert.java:54)
	at NKuhutan.TSB.TestNG.APITest.verifyKeyDetails(APITest.java:57)
	at NKuhutan.TSB.StepDefs.Steps.apiCheckKeyDetails(Steps.java:90)
	at ✽.Query the API car details of an specific searched car(file:///C:/Users/NKuhutan/Documents/git_TSB/src/test/resources/features/Exam.feature:27)
</failure>
  </testcase>
</testsuite>